<?xml version="1.0" encoding="UTF-8"?>
<!-- Generated by org.testng.reporters.JUnitReportReporter -->
<testsuite hostname="LAPTOP-K7D3D6AT" failures="0" tests="1" name="resttest.jsonpath" time="1.628" errors="0" timestamp="2024-07-18T17:55:38 IST" skipped="0">
  <testcase classname="resttest.jsonpath" name="payloadMap" time="1.628"/>
</testsuite> <!-- resttest.jsonpath -->
