<?xml version="1.0" encoding="UTF-8"?>
<!-- Generated by org.testng.reporters.JUnitReportReporter -->
<testsuite hostname="LAPTOP-K7D3D6AT" failures="0" tests="1" name="resttest.requestspecific1" time="1.488" errors="0" timestamp="2024-07-18T16:45:29 IST" skipped="0">
  <testcase classname="resttest.requestspecific1" name="testCreate" time="1.488"/>
</testsuite> <!-- resttest.requestspecific1 -->
