<?xml version="1.0" encoding="UTF-8"?>
<!-- Generated by org.testng.reporters.JUnitReportReporter -->
<testsuite hostname="LAPTOP-K7D3D6AT" failures="0" tests="1" name="selenium.ActionClass" time="14.002" errors="0" timestamp="2024-07-21T14:40:13 IST" skipped="0">
  <testcase classname="selenium.ActionClass" name="testAction" time="14.002"/>
</testsuite> <!-- selenium.ActionClass -->
