<?xml version="1.0" encoding="UTF-8"?>
<!-- Generated by org.testng.reporters.JUnitReportReporter -->
<testsuite hostname="LAPTOP-K7D3D6AT" failures="0" tests="1" name="resttest.jsonpayloadjackson" time="1.416" errors="0" timestamp="2024-07-18T13:21:57 IST" skipped="0">
  <testcase classname="resttest.jsonpayloadjackson" name="payloadjackson" time="1.416"/>
</testsuite> <!-- resttest.jsonpayloadjackson -->
