<?xml version="1.0" encoding="UTF-8"?>
<!-- Generated by org.testng.reporters.JUnitReportReporter -->
<testsuite hostname="LAPTOP-K7D3D6AT" failures="0" tests="1" name="resttest.jsonpayloadstring1" time="2.754" errors="0" timestamp="2024-07-18T11:42:39 IST" skipped="0">
  <testcase classname="resttest.jsonpayloadstring1" name="payloadString" time="2.754"/>
</testsuite> <!-- resttest.jsonpayloadstring1 -->
