<?xml version="1.0" encoding="UTF-8"?>
<!-- Generated by org.testng.reporters.JUnitReportReporter -->
<testsuite hostname="LAPTOP-K7D3D6AT" failures="0" tests="1" name="resttest.resttest" time="3.193" errors="0" timestamp="2024-07-17T12:44:51 IST" skipped="0">
  <testcase classname="resttest.resttest" name="testGetRequest" time="3.193"/>
</testsuite> <!-- resttest.resttest -->
