<?xml version="1.0" encoding="UTF-8"?>
<!-- Generated by org.testng.reporters.JUnitReportReporter -->
<testsuite hostname="LAPTOP-K7D3D6AT" failures="0" tests="1" name="resttest.jsonpayloadjson" time="1.836" errors="0" timestamp="2024-07-18T13:14:01 IST" skipped="0">
  <testcase classname="resttest.jsonpayloadjson" name="payloadJSON" time="1.836"/>
</testsuite> <!-- resttest.jsonpayloadjson -->
