<?xml version="1.0" encoding="UTF-8"?>
<!-- Generated by org.testng.reporters.JUnitReportReporter -->
<testsuite hostname="LAPTOP-K7D3D6AT" failures="0" tests="3" name="resttest.WireMockTest" time="1.591" errors="0" timestamp="2024-07-18T10:02:30 IST" skipped="0">
  <testcase classname="resttest.WireMockTest" name="testCreate2" time="0.033"/>
  <testcase classname="resttest.WireMockTest" name="testCreate" time="1.515"/>
  <testcase classname="resttest.WireMockTest" name="testCreate1" time="0.043"/>
</testsuite> <!-- resttest.WireMockTest -->
