<?xml version="1.0" encoding="UTF-8"?>
<!-- Generated by org.testng.reporters.JUnitReportReporter -->
<testsuite hostname="LAPTOP-K7D3D6AT" failures="0" tests="1" name="resttest.RestHandsOn" time="1.379" errors="0" timestamp="2024-07-19T12:21:00 IST" skipped="0">
  <testcase classname="resttest.RestHandsOn" name="restTesting" time="1.379"/>
</testsuite> <!-- resttest.RestHandsOn -->
