<?xml version="1.0" encoding="UTF-8"?>
<!-- Generated by org.testng.reporters.JUnitReportReporter -->
<testsuite hostname="LAPTOP-K7D3D6AT" failures="0" tests="3" name="selenium.TestClass1" time="9.870" errors="0" timestamp="2024-07-20T15:13:52 IST" skipped="0">
  <testcase classname="selenium.TestClass1" name="testMethod2" time="3.177"/>
  <testcase classname="selenium.TestClass1" name="testMethod1" time="4.028"/>
  <testcase classname="selenium.TestClass1" name="testMethod3" time="2.665"/>
</testsuite> <!-- selenium.TestClass1 -->
