<?xml version="1.0" encoding="UTF-8"?>
<!-- Generated by org.testng.reporters.JUnitReportReporter -->
<testsuite hostname="LAPTOP-K7D3D6AT" failures="0" tests="2" name="resttest.Jsonpayloadstring" time="1.419" errors="0" timestamp="2024-07-18T10:06:48 IST" skipped="0">
  <testcase classname="resttest.Jsonpayloadstring" name="testCreate1" time="0.026"/>
  <testcase classname="resttest.Jsonpayloadstring" name="testCreate" time="1.393"/>
</testsuite> <!-- resttest.Jsonpayloadstring -->
