<?xml version="1.0" encoding="UTF-8"?>
<!-- Generated by org.testng.reporters.JUnitReportReporter -->
<testsuite hostname="LAPTOP-K7D3D6AT" failures="0" tests="3" name="selenium.TestClass1" time="7.541" errors="0" timestamp="2024-07-17T11:16:42 IST" skipped="0">
  <testcase classname="selenium.TestClass1" name="testMethod1" time="2.904"/>
  <testcase classname="selenium.TestClass1" name="testMethod2" time="1.699"/>
  <testcase classname="selenium.TestClass1" name="testMethod3" time="2.938"/>
</testsuite> <!-- selenium.TestClass1 -->
