<?xml version="1.0" encoding="UTF-8"?>
<!-- Generated by org.testng.reporters.JUnitReportReporter -->
<testsuite hostname="LAPTOP-K7D3D6AT" failures="0" tests="1" name="selenium.Headless" time="6.247" errors="0" timestamp="2024-07-21T14:55:21 IST" skipped="0">
  <testcase classname="selenium.Headless" name="testHeadless" time="6.247"/>
</testsuite> <!-- selenium.Headless -->
