<?xml version="1.0" encoding="UTF-8"?>
<!-- Generated by org.testng.reporters.JUnitReportReporter -->
<testsuite hostname="LAPTOP-K7D3D6AT" failures="0" tests="1" name="selenium.BrokenLink" time="43.069" errors="0" timestamp="2024-07-20T15:57:34 IST" skipped="0">
  <testcase classname="selenium.BrokenLink" name="testBrokenLink" time="43.069"/>
</testsuite> <!-- selenium.BrokenLink -->
